Arguments: 
  /usr/local/Cellar/node/13.8.0/bin/node /usr/local/Cellar/yarn/1.22.0/libexec/bin/yarn.js compile

PATH: 
  ~/.local/bin:/Users/sacha/.cargo/bin:/Users/sacha/.opam/frama-c/bin:/Users/sacha/.cargo/bin:/usr/local/bin:/usr/bin:/bin:/usr/sbin:/sbin:/Applications/VMware Fusion.app/Contents/Public:/Library/TeX/texbin:/opt/X11/bin:/Applications/Wireshark.app/Contents/MacOS:~/.local/bin:/Users/sacha/.cargo/bin

Yarn version: 
  1.22.0

Node version: 
  13.8.0

Platform: 
  darwin x64

Trace: 
  SyntaxError: /Users/sacha/Prog/work/wisl-editors/code-jsil/package.json: Unexpected token } in JSON at position 1733
      at JSON.parse (<anonymous>)
      at /usr/local/Cellar/yarn/1.22.0/libexec/lib/cli.js:1625:59
      at Generator.next (<anonymous>)
      at step (/usr/local/Cellar/yarn/1.22.0/libexec/lib/cli.js:310:30)
      at /usr/local/Cellar/yarn/1.22.0/libexec/lib/cli.js:321:13

npm manifest: 
  {
      "name": "code-gillian",
      "displayName": "Gillian",
      "description": "Extension for Gillian. Handles only some syntax color for now.",
      "version": "0.0.2",
      "publisher": "giltho",
      "main": "./out/extension.js",
      "activationEvents": [
          "onLanguage:c"
      ],
      "engines": {
          "vscode": "^1.25.0"
      },
      "categories": [
          "Programming Languages"
      ],
      "contributes": {
          "languages": [
              {
                  "id": "jsil",
                  "aliases": [
                      "jsil"
                  ],
                  "extensions": [
                      ".jsil"
                  ],
                  "configuration": "./language-configuration.json"
              },
              {
                  "id": "gil",
                  "aliases": [
                      "gil"
                  ],
                  "extensions": [
                      ".gil"
                  ],
                  "configuration": "./language-configuration.json"
              }
          ],
          "grammars": [
              {
                  "language": "jsil",
                  "scopeName": "source.jsil",
                  "path": "./syntaxes/jsil.tmLanguage.json"
              },
              {
                  "language": "gil",
                  "scopeName": "source.gil",
                  "path": "./syntaxes/gil.tmLanguage.json"
              },
              {
                  "injectTo": [
                      "source.c"
                  ],
                  "scopeName": "clogic.injection",
                  "path": "./syntaxes/clogic.tmLanguage.json"
              }
          ]
      },
  	"scripts": {
  		"vscode:prepublish": "npm run compile",
  		"compile": "tsc -p ./",
  		"lint": "tslint -p ./",
  		"watch": "tsc -watch -p ./"
  	},
  }

yarn manifest: 
  No manifest

Lockfile: 
  # THIS IS AN AUTOGENERATED FILE. DO NOT EDIT THIS FILE DIRECTLY.
  # yarn lockfile v1
